0 info it worked if it ends with ok
1 verbose cli [ '/usr/local/bin/node', '/usr/local/bin/npm', 'run', 'save' ]
2 info using npm@4.1.2
3 info using node@v7.5.0
4 verbose run-script [ 'presave', 'save', 'postsave' ]
5 info lifecycle fnndsc.babymri.org@~presave: fnndsc.babymri.org@
6 silly lifecycle fnndsc.babymri.org@~presave: no script for presave, continuing
7 info lifecycle fnndsc.babymri.org@~save: fnndsc.babymri.org@
8 verbose lifecycle fnndsc.babymri.org@~save: unsafe-perm in lifecycle true
9 verbose lifecycle fnndsc.babymri.org@~save: PATH: /usr/local/lib/node_modules/npm/bin/node-gyp-bin:/Users/nico/work/gitroot/fnndsc.babymri.org/node_modules/.bin:/Library/Frameworks/Python.framework/Versions/3.5/bin:~/Library/Android/sdk/tools:~/Library/Android/sdk/platform-tools:/opt/local/bin:/opt/local/sbin:/Users/nico/work/google-cloud-sdk/bin:/usr/local/bin:/usr/bin:/bin:/usr/sbin:/sbin:/opt/X11/bin:/usr/local/git/bin:/usr/local/go/bin:/opt/ImageMagick/bin:/usr/local/MacGPG2/bin
10 verbose lifecycle fnndsc.babymri.org@~save: CWD: /Users/nico/work/gitroot/fnndsc.babymri.org
11 silly lifecycle fnndsc.babymri.org@~save: Args: [ '-c',
11 silly lifecycle   'git stash && git pull origin master --rebase --prune && git stash pop && git add -A && git commit -am $MESSAGE && git push origin master;' ]
12 silly lifecycle fnndsc.babymri.org@~save: Returned: code: 128  signal: null
13 info lifecycle fnndsc.babymri.org@~save: Failed to exec save script
14 verbose stack Error: fnndsc.babymri.org@ save: `git stash && git pull origin master --rebase --prune && git stash pop && git add -A && git commit -am $MESSAGE && git push origin master;`
14 verbose stack Exit status 128
14 verbose stack     at EventEmitter.<anonymous> (/usr/local/lib/node_modules/npm/lib/utils/lifecycle.js:279:16)
14 verbose stack     at emitTwo (events.js:106:13)
14 verbose stack     at EventEmitter.emit (events.js:192:7)
14 verbose stack     at ChildProcess.<anonymous> (/usr/local/lib/node_modules/npm/lib/utils/spawn.js:40:14)
14 verbose stack     at emitTwo (events.js:106:13)
14 verbose stack     at ChildProcess.emit (events.js:192:7)
14 verbose stack     at maybeClose (internal/child_process.js:890:16)
14 verbose stack     at Process.ChildProcess._handle.onexit (internal/child_process.js:226:5)
15 verbose pkgid fnndsc.babymri.org@
16 verbose cwd /Users/nico/work/gitroot/fnndsc.babymri.org
17 error Darwin 16.4.0
18 error argv "/usr/local/bin/node" "/usr/local/bin/npm" "run" "save"
19 error node v7.5.0
20 error npm  v4.1.2
21 error code ELIFECYCLE
22 error fnndsc.babymri.org@ save: `git stash && git pull origin master --rebase --prune && git stash pop && git add -A && git commit -am $MESSAGE && git push origin master;`
22 error Exit status 128
23 error Failed at the fnndsc.babymri.org@ save script 'git stash && git pull origin master --rebase --prune && git stash pop && git add -A && git commit -am $MESSAGE && git push origin master;'.
23 error Make sure you have the latest version of node.js and npm installed.
23 error If you do, this is most likely a problem with the fnndsc.babymri.org package,
23 error not with npm itself.
23 error Tell the author that this fails on your system:
23 error     git stash && git pull origin master --rebase --prune && git stash pop && git add -A && git commit -am $MESSAGE && git push origin master;
23 error You can get information on how to open an issue for this project with:
23 error     npm bugs fnndsc.babymri.org
23 error Or if that isn't available, you can get their info via:
23 error     npm owner ls fnndsc.babymri.org
23 error There is likely additional logging output above.
24 verbose exit [ 1, true ]
